# JRE version: OpenJDK Runtime Environment (8.0_242-b01) (build 1.8.0_242-release-1644-b01)
# Java VM: OpenJDK 64-Bit Server VM (25.242-b01 mixed mode windows-amd64 compressed oops)
Heap:
 PSYoungGen      total 560640K, used 463329K [0x00000000d5580000, 0x00000000fa580000, 0x0000000100000000)
  eden space 536064K, 81% used [0x00000000d5580000,0x00000000f02592d8,0x00000000f6100000)
  from space 24576K, 98% used [0x00000000f8d80000,0x00000000fa51f390,0x00000000fa580000)
  to   space 34816K, 0% used [0x00000000f6180000,0x00000000f6180000,0x00000000f8380000)
 ParOldGen       total 166400K, used 58069K [0x0000000080000000, 0x000000008a280000, 0x00000000d5580000)
  object space 166400K, 34% used [0x0000000080000000,0x00000000838b5610,0x000000008a280000)
 Metaspace       used 111787K, capacity 118902K, committed 119208K, reserved 1153024K
  class space    used 14560K, capacity 15946K, committed 16048K, reserved 1048576K
GC Heap History (10 events):
Event: 789.037 GC heap before
{Heap before GC invocations=16 (full 3):
 PSYoungGen      total 424448K, used 424051K [0x00000000d5580000, 0x00000000f1e00000, 0x0000000100000000)
  eden space 403968K, 100% used [0x00000000d5580000,0x00000000ee000000,0x00000000ee000000)
  from space 20480K, 98% used [0x00000000f0a00000,0x00000000f1d9cfd0,0x00000000f1e00000)
  to   space 30720K, 0% used [0x00000000ee200000,0x00000000ee200000,0x00000000f0000000)
 ParOldGen       total 108544K, used 54346K [0x0000000080000000, 0x0000000086a00000, 0x00000000d5580000)
  object space 108544K, 50% used [0x0000000080000000,0x0000000083512a48,0x0000000086a00000)
 Metaspace       used 90547K, capacity 95490K, committed 95656K, reserved 1132544K
  class space    used 11755K, capacity 12696K, committed 12720K, reserved 1048576K
Event: 789.125 GC heap after
Heap after GC invocations=16 (full 3):
 PSYoungGen      total 436736K, used 14980K [0x00000000d5580000, 0x00000000f6680000, 0x0000000100000000)
  eden space 406016K, 0% used [0x00000000d5580000,0x00000000d5580000,0x00000000ee200000)
  from space 30720K, 48% used [0x00000000ee200000,0x00000000ef0a1258,0x00000000f0000000)
  to   space 29696K, 0% used [0x00000000f4980000,0x00000000f4980000,0x00000000f6680000)
 ParOldGen       total 108544K, used 54354K [0x0000000080000000, 0x0000000086a00000, 0x00000000d5580000)
  object space 108544K, 50% used [0x0000000080000000,0x0000000083514a48,0x0000000086a00000)
 Metaspace       used 90547K, capacity 95490K, committed 95656K, reserved 1132544K
  class space    used 11755K, capacity 12696K, committed 12720K, reserved 1048576K
}
Event: 842.619 GC heap before
{Heap before GC invocations=17 (full 3):
 PSYoungGen      total 436736K, used 219265K [0x00000000d5580000, 0x00000000f6680000, 0x0000000100000000)
  eden space 406016K, 50% used [0x00000000d5580000,0x00000000e1cff528,0x00000000ee200000)
  from space 30720K, 48% used [0x00000000ee200000,0x00000000ef0a1258,0x00000000f0000000)
  to   space 29696K, 0% used [0x00000000f4980000,0x00000000f4980000,0x00000000f6680000)
 ParOldGen       total 108544K, used 54354K [0x0000000080000000, 0x0000000086a00000, 0x00000000d5580000)
  object space 108544K, 50% used [0x0000000080000000,0x0000000083514a48,0x0000000086a00000)
 Metaspace       used 92896K, capacity 98554K, committed 98600K, reserved 1134592K
  class space    used 12012K, capacity 13087K, committed 13104K, reserved 1048576K
Event: 842.734 GC heap after
Heap after GC invocations=17 (full 3):
 PSYoungGen      total 492544K, used 18891K [0x00000000d5580000, 0x00000000f5d80000, 0x0000000100000000)
  eden space 472064K, 0% used [0x00000000d5580000,0x00000000d5580000,0x00000000f2280000)
  from space 20480K, 92% used [0x00000000f4980000,0x00000000f5bf2ca8,0x00000000f5d80000)
  to   space 30208K, 0% used [0x00000000f2280000,0x00000000f2280000,0x00000000f4000000)
 ParOldGen       total 108544K, used 54362K [0x0000000080000000, 0x0000000086a00000, 0x00000000d5580000)
  object space 108544K, 50% used [0x0000000080000000,0x0000000083516a48,0x0000000086a00000)
 Metaspace       used 92896K, capacity 98554K, committed 98600K, reserved 1134592K
  class space    used 12012K, capacity 13087K, committed 13104K, reserved 1048576K
}
Event: 842.734 GC heap before
{Heap before GC invocations=18 (full 4):
 PSYoungGen      total 492544K, used 18891K [0x00000000d5580000, 0x00000000f5d80000, 0x0000000100000000)
  eden space 472064K, 0% used [0x00000000d5580000,0x00000000d5580000,0x00000000f2280000)
  from space 20480K, 92% used [0x00000000f4980000,0x00000000f5bf2ca8,0x00000000f5d80000)
  to   space 30208K, 0% used [0x00000000f2280000,0x00000000f2280000,0x00000000f4000000)
 ParOldGen       total 108544K, used 54362K [0x0000000080000000, 0x0000000086a00000, 0x00000000d5580000)
  object space 108544K, 50% used [0x0000000080000000,0x0000000083516a48,0x0000000086a00000)
 Metaspace       used 92896K, capacity 98554K, committed 98600K, reserved 1134592K
  class space    used 12012K, capacity 13087K, committed 13104K, reserved 1048576K
Event: 843.647 GC heap after
Heap after GC invocations=18 (full 4):
 PSYoungGen      total 492544K, used 0K [0x00000000d5580000, 0x00000000f5d80000, 0x0000000100000000)
  eden space 472064K, 0% used [0x00000000d5580000,0x00000000d5580000,0x00000000f2280000)
  from space 20480K, 0% used [0x00000000f4980000,0x00000000f4980000,0x00000000f5d80000)
  to   space 30208K, 0% used [0x00000000f2280000,0x00000000f2280000,0x00000000f4000000)
 ParOldGen       total 166400K, used 58053K [0x0000000080000000, 0x000000008a280000, 0x00000000d5580000)
  object space 166400K, 34% used [0x0000000080000000,0x00000000838b1610,0x000000008a280000)
 Metaspace       used 92625K, capacity 97706K, committed 98600K, reserved 1134592K
  class space    used 11932K, capacity 12967K, committed 13104K, reserved 1048576K
}
Event: 2783.001 GC heap before
{Heap before GC invocations=19 (full 4):
 PSYoungGen      total 492544K, used 472064K [0x00000000d5580000, 0x00000000f5d80000, 0x0000000100000000)
  eden space 472064K, 100% used [0x00000000d5580000,0x00000000f2280000,0x00000000f2280000)
  from space 20480K, 0% used [0x00000000f4980000,0x00000000f4980000,0x00000000f5d80000)
  to   space 30208K, 0% used [0x00000000f2280000,0x00000000f2280000,0x00000000f4000000)
 ParOldGen       total 166400K, used 58053K [0x0000000080000000, 0x000000008a280000, 0x00000000d5580000)
  object space 166400K, 34% used [0x0000000080000000,0x00000000838b1610,0x000000008a280000)
 Metaspace       used 96115K, capacity 102478K, committed 102824K, reserved 1138688K
  class space    used 12397K, capacity 13642K, committed 13744K, reserved 1048576K
Event: 2783.198 GC heap after
Heap after GC invocations=19 (full 4):
 PSYoungGen      total 502272K, used 27329K [0x00000000d5580000, 0x00000000fae00000, 0x0000000100000000)
  eden space 472064K, 0% used [0x00000000d5580000,0x00000000d5580000,0x00000000f2280000)
  from space 30208K, 90% used [0x00000000f2280000,0x00000000f3d30500,0x00000000f4000000)
  to   space 33280K, 0% used [0x00000000f8d80000,0x00000000f8d80000,0x00000000fae00000)
 ParOldGen       total 166400K, used 58061K [0x0000000080000000, 0x000000008a280000, 0x00000000d5580000)
  object space 166400K, 34% used [0x0000000080000000,0x00000000838b3610,0x000000008a280000)
 Metaspace       used 96115K, capacity 102478K, committed 102824K, reserved 1138688K
  class space    used 12397K, capacity 13642K, committed 13744K, reserved 1048576K
}
Event: 2950.806 GC heap before
{Heap before GC invocations=20 (full 4):
 PSYoungGen      total 502272K, used 499393K [0x00000000d5580000, 0x00000000fae00000, 0x0000000100000000)
  eden space 472064K, 100% used [0x00000000d5580000,0x00000000f2280000,0x00000000f2280000)
  from space 30208K, 90% used [0x00000000f2280000,0x00000000f3d30500,0x00000000f4000000)
  to   space 33280K, 0% used [0x00000000f8d80000,0x00000000f8d80000,0x00000000fae00000)
 ParOldGen       total 166400K, used 58061K [0x0000000080000000, 0x000000008a280000, 0x00000000d5580000)
  object space 166400K, 34% used [0x0000000080000000,0x00000000838b3610,0x000000008a280000)
 Metaspace       used 100224K, capacity 106796K, committed 106920K, reserved 1142784K
  class space    used 12922K, capacity 14177K, committed 14256K, reserved 1048576K
Event: 2951.126 GC heap after
Heap after GC invocations=20 (full 4):
 PSYoungGen      total 560640K, used 24188K [0x00000000d5580000, 0x00000000fa580000, 0x0000000100000000)
  eden space 536064K, 0% used [0x00000000d5580000,0x00000000d5580000,0x00000000f6100000)
  from space 24576K, 98% used [0x00000000f8d80000,0x00000000fa51f390,0x00000000fa580000)
  to   space 34816K, 0% used [0x00000000f6180000,0x00000000f6180000,0x00000000f8380000)
 ParOldGen       total 166400K, used 58069K [0x0000000080000000, 0x000000008a280000, 0x00000000d5580000)
  object space 166400K, 34% used [0x0000000080000000,0x00000000838b5610,0x000000008a280000)
 Metaspace       used 100224K, capacity 106796K, committed 106920K, reserved 1142784K
  class space    used 12922K, capacity 14177K, committed 14256K, reserved 1048576K
}

