# JRE version: OpenJDK Runtime Environment (8.0_242-b01) (build 1.8.0_242-release-1644-b01)
# Java VM: OpenJDK 64-Bit Server VM (25.242-b01 mixed mode windows-amd64 compressed oops)
Heap:
 PSYoungGen      total 371200K, used 123563K [0x00000000d5580000, 0x00000000f3480000, 0x0000000100000000)
  eden space 284160K, 38% used [0x00000000d5580000,0x00000000dbfb35d0,0x00000000e6b00000)
  from space 87040K, 17% used [0x00000000e6b00000,0x00000000e7977660,0x00000000ec000000)
  to   space 83968K, 0% used [0x00000000ee280000,0x00000000ee280000,0x00000000f3480000)
 ParOldGen       total 211456K, used 112965K [0x0000000080000000, 0x000000008ce80000, 0x00000000d5580000)
  object space 211456K, 53% used [0x0000000080000000,0x0000000086e516a0,0x000000008ce80000)
 Metaspace       used 170515K, capacity 181866K, committed 187544K, reserved 1212416K
  class space    used 21780K, capacity 23602K, committed 24752K, reserved 1048576K
GC Heap History (10 events):
Event: 11314.437 GC heap before
{Heap before GC invocations=90 (full 7):
 PSYoungGen      total 308736K, used 270302K [0x00000000d5580000, 0x00000000ee000000, 0x0000000100000000)
  eden space 217600K, 100% used [0x00000000d5580000,0x00000000e2a00000,0x00000000e2a00000)
  from space 91136K, 57% used [0x00000000e8480000,0x00000000eb7f7a60,0x00000000edd80000)
  to   space 92672K, 0% used [0x00000000e2a00000,0x00000000e2a00000,0x00000000e8480000)
 ParOldGen       total 211456K, used 66106K [0x0000000080000000, 0x000000008ce80000, 0x00000000d5580000)
  object space 211456K, 31% used [0x0000000080000000,0x000000008408eb28,0x000000008ce80000)
 Metaspace       used 170401K, capacity 181734K, committed 187544K, reserved 1212416K
  class space    used 21780K, capacity 23602K, committed 24752K, reserved 1048576K
Event: 11314.519 GC heap after
Heap after GC invocations=90 (full 7):
 PSYoungGen      total 310272K, used 52888K [0x00000000d5580000, 0x00000000efc80000, 0x0000000100000000)
  eden space 217600K, 0% used [0x00000000d5580000,0x00000000d5580000,0x00000000e2a00000)
  from space 92672K, 57% used [0x00000000e2a00000,0x00000000e5da61f0,0x00000000e8480000)
  to   space 93696K, 0% used [0x00000000ea100000,0x00000000ea100000,0x00000000efc80000)
 ParOldGen       total 211456K, used 66106K [0x0000000080000000, 0x000000008ce80000, 0x00000000d5580000)
  object space 211456K, 31% used [0x0000000080000000,0x000000008408eb28,0x000000008ce80000)
 Metaspace       used 170401K, capacity 181734K, committed 187544K, reserved 1212416K
  class space    used 21780K, capacity 23602K, committed 24752K, reserved 1048576K
}
Event: 11315.467 GC heap before
{Heap before GC invocations=91 (full 7):
 PSYoungGen      total 310272K, used 270488K [0x00000000d5580000, 0x00000000efc80000, 0x0000000100000000)
  eden space 217600K, 100% used [0x00000000d5580000,0x00000000e2a00000,0x00000000e2a00000)
  from space 92672K, 57% used [0x00000000e2a00000,0x00000000e5da61f0,0x00000000e8480000)
  to   space 93696K, 0% used [0x00000000ea100000,0x00000000ea100000,0x00000000efc80000)
 ParOldGen       total 211456K, used 66106K [0x0000000080000000, 0x000000008ce80000, 0x00000000d5580000)
  object space 211456K, 31% used [0x0000000080000000,0x000000008408eb28,0x000000008ce80000)
 Metaspace       used 170408K, capacity 181734K, committed 187544K, reserved 1212416K
  class space    used 21780K, capacity 23602K, committed 24752K, reserved 1048576K
Event: 11315.789 GC heap after
Heap after GC invocations=91 (full 7):
 PSYoungGen      total 340480K, used 21826K [0x00000000d5580000, 0x00000000efa80000, 0x0000000100000000)
  eden space 248832K, 0% used [0x00000000d5580000,0x00000000d5580000,0x00000000e4880000)
  from space 91648K, 23% used [0x00000000ea100000,0x00000000eb650ab0,0x00000000efa80000)
  to   space 90624K, 0% used [0x00000000e4880000,0x00000000e4880000,0x00000000ea100000)
 ParOldGen       total 211456K, used 97300K [0x0000000080000000, 0x000000008ce80000, 0x00000000d5580000)
  object space 211456K, 46% used [0x0000000080000000,0x0000000085f052d0,0x000000008ce80000)
 Metaspace       used 170408K, capacity 181734K, committed 187544K, reserved 1212416K
  class space    used 21780K, capacity 23602K, committed 24752K, reserved 1048576K
}
Event: 11317.457 GC heap before
{Heap before GC invocations=92 (full 7):
 PSYoungGen      total 340480K, used 270658K [0x00000000d5580000, 0x00000000efa80000, 0x0000000100000000)
  eden space 248832K, 100% used [0x00000000d5580000,0x00000000e4880000,0x00000000e4880000)
  from space 91648K, 23% used [0x00000000ea100000,0x00000000eb650ab0,0x00000000efa80000)
  to   space 90624K, 0% used [0x00000000e4880000,0x00000000e4880000,0x00000000ea100000)
 ParOldGen       total 211456K, used 97300K [0x0000000080000000, 0x000000008ce80000, 0x00000000d5580000)
  object space 211456K, 46% used [0x0000000080000000,0x0000000085f052d0,0x000000008ce80000)
 Metaspace       used 170444K, capacity 181798K, committed 187544K, reserved 1212416K
  class space    used 21780K, capacity 23602K, committed 24752K, reserved 1048576K
Event: 11317.587 GC heap after
Heap after GC invocations=92 (full 7):
 PSYoungGen      total 339456K, used 14186K [0x00000000d5580000, 0x00000000f1900000, 0x0000000100000000)
  eden space 248832K, 0% used [0x00000000d5580000,0x00000000d5580000,0x00000000e4880000)
  from space 90624K, 15% used [0x00000000e4880000,0x00000000e565abe8,0x00000000ea100000)
  to   space 88576K, 0% used [0x00000000ec280000,0x00000000ec280000,0x00000000f1900000)
 ParOldGen       total 211456K, used 105263K [0x0000000080000000, 0x000000008ce80000, 0x00000000d5580000)
  object space 211456K, 49% used [0x0000000080000000,0x00000000866cbe38,0x000000008ce80000)
 Metaspace       used 170444K, capacity 181798K, committed 187544K, reserved 1212416K
  class space    used 21780K, capacity 23602K, committed 24752K, reserved 1048576K
}
Event: 11319.075 GC heap before
{Heap before GC invocations=93 (full 7):
 PSYoungGen      total 339456K, used 263018K [0x00000000d5580000, 0x00000000f1900000, 0x0000000100000000)
  eden space 248832K, 100% used [0x00000000d5580000,0x00000000e4880000,0x00000000e4880000)
  from space 90624K, 15% used [0x00000000e4880000,0x00000000e565abe8,0x00000000ea100000)
  to   space 88576K, 0% used [0x00000000ec280000,0x00000000ec280000,0x00000000f1900000)
 ParOldGen       total 211456K, used 105263K [0x0000000080000000, 0x000000008ce80000, 0x00000000d5580000)
  object space 211456K, 49% used [0x0000000080000000,0x00000000866cbe38,0x000000008ce80000)
 Metaspace       used 170505K, capacity 181798K, committed 187544K, reserved 1212416K
  class space    used 21780K, capacity 23602K, committed 24752K, reserved 1048576K
Event: 11319.181 GC heap after
Heap after GC invocations=93 (full 7):
 PSYoungGen      total 368640K, used 9205K [0x00000000d5580000, 0x00000000f1500000, 0x0000000100000000)
  eden space 284160K, 0% used [0x00000000d5580000,0x00000000d5580000,0x00000000e6b00000)
  from space 84480K, 10% used [0x00000000ec280000,0x00000000ecb7d690,0x00000000f1500000)
  to   space 87040K, 0% used [0x00000000e6b00000,0x00000000e6b00000,0x00000000ec000000)
 ParOldGen       total 211456K, used 111369K [0x0000000080000000, 0x000000008ce80000, 0x00000000d5580000)
  object space 211456K, 52% used [0x0000000080000000,0x0000000086cc2690,0x000000008ce80000)
 Metaspace       used 170505K, capacity 181798K, committed 187544K, reserved 1212416K
  class space    used 21780K, capacity 23602K, committed 24752K, reserved 1048576K
}
Event: 11320.389 GC heap before
{Heap before GC invocations=94 (full 7):
 PSYoungGen      total 368640K, used 293365K [0x00000000d5580000, 0x00000000f1500000, 0x0000000100000000)
  eden space 284160K, 100% used [0x00000000d5580000,0x00000000e6b00000,0x00000000e6b00000)
  from space 84480K, 10% used [0x00000000ec280000,0x00000000ecb7d690,0x00000000f1500000)
  to   space 87040K, 0% used [0x00000000e6b00000,0x00000000e6b00000,0x00000000ec000000)
 ParOldGen       total 211456K, used 111369K [0x0000000080000000, 0x000000008ce80000, 0x00000000d5580000)
  object space 211456K, 52% used [0x0000000080000000,0x0000000086cc2690,0x000000008ce80000)
 Metaspace       used 170512K, capacity 181798K, committed 187544K, reserved 1212416K
  class space    used 21780K, capacity 23602K, committed 24752K, reserved 1048576K
Event: 11320.449 GC heap after
Heap after GC invocations=94 (full 7):
 PSYoungGen      total 371200K, used 14813K [0x00000000d5580000, 0x00000000f3480000, 0x0000000100000000)
  eden space 284160K, 0% used [0x00000000d5580000,0x00000000d5580000,0x00000000e6b00000)
  from space 87040K, 17% used [0x00000000e6b00000,0x00000000e7977660,0x00000000ec000000)
  to   space 83968K, 0% used [0x00000000ee280000,0x00000000ee280000,0x00000000f3480000)
 ParOldGen       total 211456K, used 112965K [0x0000000080000000, 0x000000008ce80000, 0x00000000d5580000)
  object space 211456K, 53% used [0x0000000080000000,0x0000000086e516a0,0x000000008ce80000)
 Metaspace       used 170512K, capacity 181798K, committed 187544K, reserved 1212416K
  class space    used 21780K, capacity 23602K, committed 24752K, reserved 1048576K
}

